<?xml version="1.0" encoding="UTF-8"?>
<!-- Generated by org.testng.reporters.JUnitReportReporter -->
<testsuite hostname="DESKTOP-K9J0UBH" failures="0" tests="2" name="com.reports.crossBrowser.LoginExitoso" time="24.737" errors="0" timestamp="07 abr. 2021 23:16:55 GMT" skipped="0">
  <testcase classname="com.reports.crossBrowser.LoginExitoso" name="loginExitoso" time="11.560"/>
  <testcase classname="com.reports.crossBrowser.LoginExitoso" name="loginExitoso" time="13.177"/>
</testsuite> <!-- com.reports.crossBrowser.LoginExitoso -->
