<?xml version="1.0" encoding="UTF-8"?>
<!-- Generated by org.testng.reporters.JUnitReportReporter -->
<testsuite hostname="DESKTOP-K9J0UBH" failures="0" tests="2" name="com.reports.crossBrowser.LoginPassNone" time="19.003" errors="0" timestamp="07 abr. 2021 23:16:55 GMT" skipped="0">
  <testcase classname="com.reports.crossBrowser.LoginPassNone" name="loginPassNone" time="8.964"/>
  <testcase classname="com.reports.crossBrowser.LoginPassNone" name="loginPassNone" time="10.039"/>
</testsuite> <!-- com.reports.crossBrowser.LoginPassNone -->
