<?xml version="1.0" encoding="UTF-8"?>
<!-- Generated by org.testng.reporters.JUnitReportReporter -->
<testsuite hostname="DESKTOP-K9J0UBH" failures="0" tests="2" name="com.reports.crossBrowser.LoginUserAndPassNone" time="22.952" errors="0" timestamp="07 abr. 2021 23:16:55 GMT" skipped="0">
  <testcase classname="com.reports.crossBrowser.LoginUserAndPassNone" name="loginUserAndPassNone" time="11.488"/>
  <testcase classname="com.reports.crossBrowser.LoginUserAndPassNone" name="loginUserAndPassNone" time="11.464"/>
</testsuite> <!-- com.reports.crossBrowser.LoginUserAndPassNone -->
