<?xml version="1.0" encoding="UTF-8"?>
<!-- Generated by org.testng.reporters.JUnitReportReporter -->
<testsuite hostname="DESKTOP-K9J0UBH" failures="0" tests="2" name="com.reports.crossBrowser.LoginUserFail" time="21.011" errors="0" timestamp="07 abr. 2021 23:16:55 GMT" skipped="0">
  <testcase classname="com.reports.crossBrowser.LoginUserFail" name="loginUserFail" time="12.352"/>
  <testcase classname="com.reports.crossBrowser.LoginUserFail" name="loginUserFail" time="8.659"/>
</testsuite> <!-- com.reports.crossBrowser.LoginUserFail -->
