<?xml version="1.0" encoding="UTF-8"?>
<!-- Generated by org.testng.reporters.JUnitReportReporter -->
<testsuite hostname="DESKTOP-K9J0UBH" failures="0" tests="1" name="com.reports.automation.LoginPassFail" time="4.227" errors="0" timestamp="06 abr. 2021 21:32:56 GMT" skipped="0">
  <testcase classname="com.reports.automation.LoginPassFail" name="loginPassFail" time="4.227"/>
</testsuite> <!-- com.reports.automation.LoginPassFail -->
